0 verbose cli D:\nodejs\node.exe D:\nodejs\node_modules\npm\bin\npm-cli.js
1 info using npm@11.6.2
2 info using node@v24.12.0
3 silly config load:file:D:\nodejs\node_modules\npm\npmrc
4 silly config load:file:D:\intern\LeakMoon\frontend\.npmrc
5 silly config load:file:C:\Users\yizhishubing\.npmrc
6 silly config load:file:D:\nodejs\node_global\etc\npmrc
7 verbose title npm create vite@latest . --template vue --force
8 verbose argv "create" "vite@latest" "." "--" "--template" "vue" "--force"
9 verbose logfile logs-max:10 dir:D:\intern\LeakMoon\frontend\.npm-cache\_logs\2026-07-02T07_34_05_080Z-
10 verbose logfile D:\intern\LeakMoon\frontend\.npm-cache\_logs\2026-07-02T07_34_05_080Z-debug-0.log
11 silly logfile done cleaning log files
12 silly packumentCache heap:4496293888 maxSize:1124073472 maxEntrySize:562036736
13 http fetch GET 200 https://registry.npmmirror.com/create-vite 210ms (cache miss)
14 silly packumentCache heap:4496293888 maxSize:1124073472 maxEntrySize:562036736
15 warn exec The following package was not found and will be installed: create-vite@9.1.1
16 silly idealTree buildDeps
17 silly fetch manifest create-vite@9.1.1
18 silly packumentCache full:https://registry.npmmirror.com/create-vite cache-miss
19 http fetch GET 200 https://registry.npmmirror.com/create-vite 88ms (cache miss)
20 silly packumentCache full:https://registry.npmmirror.com/create-vite set size:59829 disposed:false
21 silly placeDep ROOT create-vite@9.1.1 OK for:  want: 9.1.1
22 silly reify moves {}
23 silly audit bulk request { 'create-vite': [ '9.1.1' ] }
24 http cache create-vite@https://registry.npmmirror.com/create-vite/-/create-vite-9.1.1.tgz 0ms (cache hit)
25 silly tarball no local data for create-vite@https://registry.npmmirror.com/create-vite/-/create-vite-9.1.1.tgz. Extracting by manifest.
26 http fetch POST 404 https://registry.npmmirror.com/-/npm/v1/security/advisories/bulk 19ms
27 verbose audit error HttpErrorGeneral: 404 Not Found - POST https://registry.npmmirror.com/-/npm/v1/security/advisories/bulk - [NOT_IMPLEMENTED] /-/npm/v1/security/* not implemented yet
27 verbose audit error     at D:\nodejs\node_modules\npm\node_modules\npm-registry-fetch\lib\check-response.js:103:15
27 verbose audit error     at process.processTicksAndRejections (node:internal/process/task_queues:103:5)
27 verbose audit error     at async #getReport (D:\nodejs\node_modules\npm\node_modules\@npmcli\arborist\lib\audit-report.js:275:19)
27 verbose audit error     at async AuditReport.run (D:\nodejs\node_modules\npm\node_modules\@npmcli\arborist\lib\audit-report.js:100:19) {
27 verbose audit error   headers: [Object: null prototype] {
27 verbose audit error     server: [ 'Tengine' ],
27 verbose audit error     date: [ 'Thu, 02 Jul 2026 07:34:06 GMT' ],
27 verbose audit error     'content-type': [ 'application/json' ],
27 verbose audit error     'transfer-encoding': [ 'chunked' ],
27 verbose audit error     connection: [ 'keep-alive' ],
27 verbose audit error     'strict-transport-security': [ 'max-age=5184000' ],
27 verbose audit error     via: [ 'kunlun10.cn8037[,404666]' ],
27 verbose audit error     'timing-allow-origin': [ '*' ],
27 verbose audit error     eagleid: [ '7d271bde17829776466467715e' ],
27 verbose audit error     'x-fetch-attempts': [ '1' ]
27 verbose audit error   },
27 verbose audit error   statusCode: 404,
27 verbose audit error   code: 'E404',
27 verbose audit error   method: 'POST',
27 verbose audit error   uri: 'https://registry.npmmirror.com/-/npm/v1/security/advisories/bulk',
27 verbose audit error   body: {
27 verbose audit error     error: '[NOT_IMPLEMENTED] /-/npm/v1/security/* not implemented yet'
27 verbose audit error   },
27 verbose audit error   pkgid: undefined
27 verbose audit error }
28 silly audit error [object Object]
29 silly audit report null
30 http fetch GET 200 https://cdn.npmmirror.com/packages/create-vite/9.1.1/create-vite-9.1.1.tgz 724ms (cache miss)
31 verbose cwd D:\intern\LeakMoon\frontend
32 verbose os Windows_NT 10.0.26200
33 verbose node v24.12.0
34 verbose npm  v11.6.2
35 verbose exit 0
36 info ok
