0 verbose cli D:\nodejs\node.exe D:\nodejs\node_modules\npm\bin\npm-cli.js
1 info using npm@11.6.2
2 info using node@v24.12.0
3 silly config load:file:D:\nodejs\node_modules\npm\npmrc
4 silly config load:file:D:\intern\LeakMoon\frontend\.npmrc
5 silly config load:file:C:\Users\yizhishubing\.npmrc
6 silly config load:file:D:\nodejs\node_global\etc\npmrc
7 verbose title npm list
8 verbose argv "list" "--depth" "0"
9 verbose logfile logs-max:10 dir:D:\intern\LeakMoon\frontend\.npm-cache\_logs\2026-07-03T02_05_23_611Z-
10 verbose logfile D:\intern\LeakMoon\frontend\.npm-cache\_logs\2026-07-03T02_05_23_611Z-debug-0.log
11 silly logfile done cleaning log files
12 silly packumentCache heap:4496293888 maxSize:1124073472 maxEntrySize:562036736
13 verbose shrinkwrap failed to load node_modules/.package-lock.json out of date, updated: node_modules
14 verbose cwd D:\intern\LeakMoon\frontend
15 verbose os Windows_NT 10.0.26200
16 verbose node v24.12.0
17 verbose npm  v11.6.2
18 verbose exit 0
19 info ok
