0 verbose cli D:\nodejs\node.exe D:\nodejs\node_modules\npm\bin\npm-cli.js
1 info using npm@11.6.2
2 info using node@v24.12.0
3 silly config load:file:D:\nodejs\node_modules\npm\npmrc
4 silly config load:file:C:\Users\yizhishubing\AppData\Local\Microsoft\TypeScript\6.0\.npmrc
5 silly config load:file:C:\Users\yizhishubing\.npmrc
6 silly config load:file:D:\nodejs\node_global\etc\npmrc
7 verbose title npm install @types/less@ts6.0 @types/react@ts6.0 @types/stylus@ts6.0 @types/node@ts6.0
8 verbose argv "install" "--ignore-scripts" "@types/less@ts6.0" "@types/react@ts6.0" "@types/stylus@ts6.0" "@types/node@ts6.0" "--save-dev" "--user-agent" "typesInstaller/6.0.3"
9 verbose logfile logs-max:10 dir:D:\intern\LeakMoon\frontend\.npm-cache\_logs\2026-07-03T02_13_33_126Z-
10 verbose logfile D:\intern\LeakMoon\frontend\.npm-cache\_logs\2026-07-03T02_13_33_126Z-debug-0.log
11 silly logfile done cleaning log files
12 silly packumentCache heap:4496293888 maxSize:1124073472 maxEntrySize:562036736
13 silly packumentCache corgi:https://registry.npmmirror.com/@types%2fless cache-miss
14 silly packumentCache corgi:https://registry.npmmirror.com/@types%2freact cache-miss
15 silly packumentCache corgi:https://registry.npmmirror.com/@types%2fstylus cache-miss
16 silly packumentCache corgi:https://registry.npmmirror.com/@types%2fnode cache-miss
17 http fetch GET 200 https://registry.npmmirror.com/@types%2fless 656ms (cache miss)
18 silly packumentCache corgi:https://registry.npmmirror.com/@types%2fless set size:4328 disposed:false
19 http fetch GET 200 https://registry.npmmirror.com/@types%2fstylus 2519ms (cache miss)
20 silly packumentCache corgi:https://registry.npmmirror.com/@types%2fstylus set size:9356 disposed:false
21 http fetch GET 200 https://registry.npmmirror.com/@types%2freact 4740ms (cache miss)
22 silly packumentCache corgi:https://registry.npmmirror.com/@types%2freact set size:178303 disposed:false
23 http fetch GET 200 https://registry.npmmirror.com/@types%2fnode 15563ms (cache miss)
24 silly packumentCache corgi:https://registry.npmmirror.com/@types%2fnode set size:562876 disposed:false
25 silly idealTree buildDeps
26 silly fetch manifest @types/less@3.0.8
27 silly packumentCache full:https://registry.npmmirror.com/@types%2fless cache-miss
28 http fetch GET 200 https://registry.npmmirror.com/@types%2fless 154ms (cache miss)
29 silly packumentCache full:https://registry.npmmirror.com/@types%2fless set size:8640 disposed:false
30 silly fetch manifest @types/stylus@0.48.43
31 silly packumentCache full:https://registry.npmmirror.com/@types%2fstylus cache-miss
32 http fetch GET 200 https://registry.npmmirror.com/@types%2fstylus 438ms (cache miss)
33 silly packumentCache full:https://registry.npmmirror.com/@types%2fstylus set size:13858 disposed:false
34 silly fetch manifest @types/react@19.2.17
35 silly packumentCache full:https://registry.npmmirror.com/@types%2freact cache-miss
36 http fetch GET 200 https://registry.npmmirror.com/@types%2freact 8182ms (cache miss)
37 silly packumentCache full:https://registry.npmmirror.com/@types%2freact set size:336826 disposed:false
38 silly fetch manifest @types/node@26.1.0
39 silly packumentCache full:https://registry.npmmirror.com/@types%2fnode cache-miss
40 http fetch GET 200 https://registry.npmmirror.com/@types%2fnode 107ms (cache revalidated)
41 silly packumentCache full:https://registry.npmmirror.com/@types%2fnode set size:10310244 disposed:false
42 silly placeDep ROOT @types/less@3.0.8 OK for:  want: 3.0.8
43 silly placeDep ROOT @types/node@26.1.0 OK for:  want: 26.1.0
44 silly placeDep ROOT @types/react@19.2.17 OK for:  want: 19.2.17
45 silly placeDep ROOT @types/stylus@0.48.43 OK for:  want: 0.48.43
46 silly fetch manifest undici-types@~8.3.0
47 silly packumentCache full:https://registry.npmmirror.com/undici-types cache-miss
48 silly fetch manifest csstype@^3.2.2
49 silly packumentCache full:https://registry.npmmirror.com/csstype cache-miss
50 http fetch GET 200 https://registry.npmmirror.com/csstype 132ms (cache revalidated)
51 silly packumentCache full:https://registry.npmmirror.com/csstype set size:227919 disposed:false
52 http fetch GET 200 https://registry.npmmirror.com/undici-types 309ms (cache miss)
53 silly packumentCache full:https://registry.npmmirror.com/undici-types set size:44732 disposed:false
54 silly placeDep ROOT undici-types@8.3.0 OK for: @types/node@26.1.0 want: ~8.3.0
55 silly placeDep ROOT csstype@3.2.3 OK for: @types/react@19.2.17 want: ^3.2.2
56 silly reify moves {}
57 silly audit bulk request {
57 silly audit   'types-registry': [ '0.1.776' ],
57 silly audit   '@types/less': [ '3.0.8' ],
57 silly audit   '@types/node': [ '26.1.0' ],
57 silly audit   '@types/react': [ '19.2.17' ],
57 silly audit   '@types/stylus': [ '0.48.43' ],
57 silly audit   'undici-types': [ '8.3.0' ],
57 silly audit   csstype: [ '3.2.3' ]
57 silly audit }
58 http cache csstype@https://registry.npmmirror.com/csstype/-/csstype-3.2.3.tgz 0ms (cache hit)
59 http cache undici-types@https://registry.npmmirror.com/undici-types/-/undici-types-8.3.0.tgz 0ms (cache hit)
60 http cache @types/stylus@https://registry.npmmirror.com/@types/stylus/-/stylus-0.48.43.tgz 0ms (cache hit)
61 http cache @types/node@https://registry.npmmirror.com/@types/node/-/node-26.1.0.tgz 0ms (cache hit)
62 silly tarball no local data for undici-types@https://registry.npmmirror.com/undici-types/-/undici-types-8.3.0.tgz. Extracting by manifest.
63 silly tarball no local data for @types/stylus@https://registry.npmmirror.com/@types/stylus/-/stylus-0.48.43.tgz. Extracting by manifest.
64 http cache @types/react@https://registry.npmmirror.com/@types/react/-/react-19.2.17.tgz 0ms (cache hit)
65 http cache @types/less@https://registry.npmmirror.com/@types/less/-/less-3.0.8.tgz 0ms (cache hit)
66 silly tarball no local data for @types/node@https://registry.npmmirror.com/@types/node/-/node-26.1.0.tgz. Extracting by manifest.
67 silly tarball no local data for @types/react@https://registry.npmmirror.com/@types/react/-/react-19.2.17.tgz. Extracting by manifest.
68 silly tarball no local data for @types/less@https://registry.npmmirror.com/@types/less/-/less-3.0.8.tgz. Extracting by manifest.
69 http fetch POST 404 https://registry.npmmirror.com/-/npm/v1/security/advisories/bulk 26ms
70 verbose audit error HttpErrorGeneral: 404 Not Found - POST https://registry.npmmirror.com/-/npm/v1/security/advisories/bulk - [NOT_IMPLEMENTED] /-/npm/v1/security/* not implemented yet
70 verbose audit error     at D:\nodejs\node_modules\npm\node_modules\npm-registry-fetch\lib\check-response.js:103:15
70 verbose audit error     at process.processTicksAndRejections (node:internal/process/task_queues:103:5)
70 verbose audit error     at async #getReport (D:\nodejs\node_modules\npm\node_modules\@npmcli\arborist\lib\audit-report.js:275:19)
70 verbose audit error     at async AuditReport.run (D:\nodejs\node_modules\npm\node_modules\@npmcli\arborist\lib\audit-report.js:100:19) {
70 verbose audit error   headers: [Object: null prototype] {
70 verbose audit error     server: [ 'Tengine' ],
70 verbose audit error     date: [ 'Fri, 03 Jul 2026 02:13:58 GMT' ],
70 verbose audit error     'content-type': [ 'application/json' ],
70 verbose audit error     'transfer-encoding': [ 'chunked' ],
70 verbose audit error     connection: [ 'keep-alive' ],
70 verbose audit error     'strict-transport-security': [ 'max-age=5184000' ],
70 verbose audit error     via: [ 'kunlun6.cn8001[,404666]' ],
70 verbose audit error     'timing-allow-origin': [ '*' ],
70 verbose audit error     eagleid: [ 'dcb5a61a17830448385844294e' ],
70 verbose audit error     'x-fetch-attempts': [ '1' ]
70 verbose audit error   },
70 verbose audit error   statusCode: 404,
70 verbose audit error   code: 'E404',
70 verbose audit error   method: 'POST',
70 verbose audit error   uri: 'https://registry.npmmirror.com/-/npm/v1/security/advisories/bulk',
70 verbose audit error   body: {
70 verbose audit error     error: '[NOT_IMPLEMENTED] /-/npm/v1/security/* not implemented yet'
70 verbose audit error   },
70 verbose audit error   pkgid: undefined
70 verbose audit error }
71 silly audit error [object Object]
72 silly audit report null
73 http fetch GET 200 https://cdn.npmmirror.com/packages/%40types/stylus/0.48.43/stylus-0.48.43.tgz 1011ms (cache miss)
74 http fetch GET 200 https://cdn.npmmirror.com/packages/%40types/less/3.0.8/less-3.0.8.tgz 1159ms (cache miss)
75 http fetch GET 200 https://cdn.npmmirror.com/packages/undici-types/8.3.0/undici-types-8.3.0.tgz 1466ms (cache miss)
76 http fetch GET 200 https://cdn.npmmirror.com/packages/%40types/react/19.2.17/react-19.2.17.tgz 1933ms (cache miss)
77 http fetch GET 200 https://cdn.npmmirror.com/packages/%40types/node/26.1.0/node-26.1.0.tgz 17390ms (cache miss)
78 silly ADD node_modules/csstype
79 silly ADD node_modules/undici-types
80 silly ADD node_modules/@types/stylus
81 silly ADD node_modules/@types/react
82 silly ADD node_modules/@types/node
83 silly ADD node_modules/@types/less
84 verbose cwd C:\Users\yizhishubing\AppData\Local\Microsoft\TypeScript\6.0
85 verbose os Windows_NT 10.0.26200
86 verbose node v24.12.0
87 verbose npm  v11.6.2
88 verbose exit 0
89 info ok
