0 verbose cli D:\nodejs\node.exe D:\nodejs\node_modules\npm\bin\npm-cli.js
1 info using npm@11.6.2
2 info using node@v24.12.0
3 silly config load:file:D:\nodejs\node_modules\npm\npmrc
4 silly config load:file:C:\Users\yizhishubing\AppData\Local\Microsoft\TypeScript\6.0\.npmrc
5 silly config load:file:C:\Users\yizhishubing\.npmrc
6 silly config load:file:D:\nodejs\node_global\etc\npmrc
7 verbose title npm install types-registry@latest
8 verbose argv "install" "--ignore-scripts" "types-registry@latest"
9 verbose logfile logs-max:10 dir:D:\intern\LeakMoon\frontend\.npm-cache\_logs\2026-07-06T06_07_33_365Z-
10 verbose logfile D:\intern\LeakMoon\frontend\.npm-cache\_logs\2026-07-06T06_07_33_365Z-debug-0.log
11 silly logfile done cleaning log files
12 silly packumentCache heap:4496293888 maxSize:1124073472 maxEntrySize:562036736
13 silly packumentCache corgi:https://registry.npmmirror.com/types-registry cache-miss
14 http fetch GET 200 https://registry.npmmirror.com/types-registry 255ms (cache miss)
15 silly packumentCache corgi:https://registry.npmmirror.com/types-registry set size:157069 disposed:false
16 silly idealTree buildDeps
17 silly fetch manifest types-registry@0.1.777
18 silly packumentCache full:https://registry.npmmirror.com/types-registry cache-miss
19 http fetch GET 200 https://registry.npmmirror.com/types-registry 104ms (cache updated)
20 silly packumentCache full:https://registry.npmmirror.com/types-registry set size:247027 disposed:false
21 silly placeDep ROOT types-registry@0.1.777 REPLACE for:  want: 0.1.777
22 silly reify mark retired [
22 silly reify   'C:\\Users\\yizhishubing\\AppData\\Local\\Microsoft\\TypeScript\\6.0\\node_modules\\types-registry'
22 silly reify ]
23 silly reify moves {
23 silly reify   'C:\\Users\\yizhishubing\\AppData\\Local\\Microsoft\\TypeScript\\6.0\\node_modules\\types-registry': 'C:\\Users\\yizhishubing\\AppData\\Local\\Microsoft\\TypeScript\\6.0\\node_modules\\.types-registry-Qd5vFQ6E'
23 silly reify }
24 silly audit bulk request {
24 silly audit   '@types/less': [ '3.0.8' ],
24 silly audit   '@types/node': [ '26.1.0' ],
24 silly audit   '@types/react': [ '19.2.17' ],
24 silly audit   '@types/stylus': [ '0.48.43' ],
24 silly audit   csstype: [ '3.2.3' ],
24 silly audit   'undici-types': [ '8.3.0' ],
24 silly audit   'types-registry': [ '0.1.777' ]
24 silly audit }
25 http cache types-registry@https://registry.npmmirror.com/types-registry/-/types-registry-0.1.777.tgz 0ms (cache hit)
26 silly tarball no local data for types-registry@https://registry.npmmirror.com/types-registry/-/types-registry-0.1.777.tgz. Extracting by manifest.
27 http fetch POST 404 https://registry.npmmirror.com/-/npm/v1/security/advisories/bulk 25ms
28 verbose audit error HttpErrorGeneral: 404 Not Found - POST https://registry.npmmirror.com/-/npm/v1/security/advisories/bulk - [NOT_IMPLEMENTED] /-/npm/v1/security/* not implemented yet
28 verbose audit error     at D:\nodejs\node_modules\npm\node_modules\npm-registry-fetch\lib\check-response.js:103:15
28 verbose audit error     at process.processTicksAndRejections (node:internal/process/task_queues:103:5)
28 verbose audit error     at async #getReport (D:\nodejs\node_modules\npm\node_modules\@npmcli\arborist\lib\audit-report.js:275:19)
28 verbose audit error     at async AuditReport.run (D:\nodejs\node_modules\npm\node_modules\@npmcli\arborist\lib\audit-report.js:100:19) {
28 verbose audit error   headers: [Object: null prototype] {
28 verbose audit error     server: [ 'Tengine' ],
28 verbose audit error     date: [ 'Mon, 06 Jul 2026 06:07:49 GMT' ],
28 verbose audit error     'content-type': [ 'application/json' ],
28 verbose audit error     'transfer-encoding': [ 'chunked' ],
28 verbose audit error     connection: [ 'keep-alive' ],
28 verbose audit error     'strict-transport-security': [ 'max-age=5184000' ],
28 verbose audit error     via: [ 'kunlun5.cn8037[,404666]' ],
28 verbose audit error     'timing-allow-origin': [ '*' ],
28 verbose audit error     eagleid: [ '7d271bd917833180692984534e' ],
28 verbose audit error     'x-fetch-attempts': [ '1' ]
28 verbose audit error   },
28 verbose audit error   statusCode: 404,
28 verbose audit error   code: 'E404',
28 verbose audit error   method: 'POST',
28 verbose audit error   uri: 'https://registry.npmmirror.com/-/npm/v1/security/advisories/bulk',
28 verbose audit error   body: {
28 verbose audit error     error: '[NOT_IMPLEMENTED] /-/npm/v1/security/* not implemented yet'
28 verbose audit error   },
28 verbose audit error   pkgid: undefined
28 verbose audit error }
29 silly audit error [object Object]
30 silly audit report null
31 http fetch GET 200 https://cdn.npmmirror.com/packages/types-registry/0.1.777/types-registry-0.1.777.tgz 439ms (cache miss)
32 silly CHANGE node_modules/types-registry
33 verbose cwd C:\Users\yizhishubing\AppData\Local\Microsoft\TypeScript\6.0
34 verbose os Windows_NT 10.0.26200
35 verbose node v24.12.0
36 verbose npm  v11.6.2
37 verbose exit 0
38 info ok
